101
101
101
108
108
100
100
100
101
100
108
108
100
101
101
101
101
101
109
101
101
101
101
101
100
101
101
101
100
100
108
100
100
100
101
101
101
110
110
101
101
102
102
102
102
100
101
102
100
102
102
111
101
101
101
100
102
100
102
100
100
100
100
100
100
101
101
100
102
102
102
102
100
100
101
101
100
102
100
102
102
101
100
101
102
102
101
102
101
101
101
101
101
101
102
101
104
103
100
100
101
100
100
100
100
102
102
102
102
100
101
102
102
102
100
102
102
100
100
100
100
102
102
102
100
102
102
100
102
112
102
102
102
102
112
100
100
100
100
100
102
112
102
112
100
102
102
102
102
102
100
113
113
100
100
102
100
100
102
100
101
102
100
100
102
100
100
100
100
102
100
100
100
100
113
102
102
102
100
100
100
102
103
102
103
102
100
102
102
103
103
103
100
102
102
100
100
101
102
100
102
100
100
102
102
100
100
101
102
102
102
100
102
101
100
100
101
101
103
102
102
101
101
100
100
100
114
100
114
114
114
102
102
102
112
112
101
112
100
100
101
102
104
104
104
104
100
100
100
101
100
102
112
100
100
100
100
101
100
100
100
100
101
100
100
101
112
100
101
107
101
100
100
107
101
100
100
101
101
101
101
100
100
102
100
101
101
100
100
102
100
100
102
100
100
100
100
101
101
101
101
100
103
103
102
102
102
102
102
102
102
112
100
102
102
102
112
100
102
102
102
102
100
102
100
102
102
101
102
104
103
101
100
100