335
292
292
292
248
292
248
248
248
317
292
292
292
292
59
59
248
306
168
168
59
183
168
168
59
168
59
59
168
168
59
59
59
168
59
168
168
168
168
168
59
59
183
168
168
183
59
183
168
59
168
59
59
183
183
59
168
59
168
248
317
248
335
248
248
248
317
335
248
248
248
317
248
248
317
248
248
248
317
248
317
317
248
317
292
292
59
168
59
306
306
183
168
306
168
183
306
168
183
168
168
59
168
306
306
183
335
335
59
168
59
335
168
335
306
335
335
335
335
335
335
335
306
335
335
335
335
335
306
306
306
306
292
292
292
335
248
248
248
248
248
248
248
335
306
306
292
335
292
335
183
59
183
183
183
335
168
183
183
335
59
183
183
168
183
59
401
401
59
59
183
168
168
168
59
183
59
183
168
59
59
168
59
59
183
59
183
183
168
183
168
183
183
183
168
306
292
335
306
292
335
335
335
292
306
292
306
306
183
306
306
306
306
306
335
335
335
306
335
335
306
306
306
306
335
51
335
335
248
248
292
248
317
317
248
248
292
292
292
248
248
248
292
317
248
317
248
248
317
292
248
248
168
183
168
183
183
183
168
183
183
168
168
168
183
168
183
168
59
183
183
168
168
183
183
248
248
317
317
248
248
248
59
59
306
59
335
335
306
335
335
59
59
335
335
335
335
335
402
59
335
335
335
335
335
335
335
335
59
59
335
59
335
59
59
335
335
183
168
183
168
59
59
168
59
168
168
183
183
59
59
183
168
183
183
59
183
183
59
183
59
183
168
59
59
183
183
168
183
59
59
335
59
183
183
59
183
163
163
248
195
163
163
248
248
248
248
163
163
163
248
163
248
163
317
248
248
248
317
248
248
317
317
28
163
163
317
317
163
317
163
317
248
248
248
195
163
248
195
403
248
403
195
403
403
403
306
335
335
335
306
306
335
306
335
335
195
335
59
335
