335
292
292
292
248
292
248
248
248
317
292
292
292
292
59
59
248
168
168
168
1000
183
168
168
59
168
59
59
168
168
59
59
59
168
59
168
168
168
168
168
168
168
183
168
168
183
59
183
168
59
168
59
59
183
183
59
168
59
168
248
317
248
335
248
248
248
317
248
248
248
248
317
248
248
317
248
248
248
317
248
317
317
248
317
306
306
59
168
168
306
306
248
168
306
168
183
306
168
183
168
168
317
168
306
306
183
306
335
59
168
168
335
168
335
306
335
335
335
335
335
335
335
306
335
335
335
335
335
306
306
306
306
292
292
292
248
248
248
248
248
248
248
248
248
306
306
292
335
292
335
183
59
183
183
183
335
183
183
183
335
59
183
183
183
183
1000
402
402
59
59
183
183
183
183
59
183
335
183
183
59
59
183
59
59
183
59
183
183
183
183
183
183
183
183
183
1000
1000
335
306
1000
335
335
335
335
306
335
306
306
183
306
306
306
306
306
335
335
335
306
335
335
306
306
306
306
335
51
335
335
1000
1000
292
1000
317
317
248
248
292
292
292
1000
248
1000
292
317
248
317
248
248
317
292
248
248
168
183
168
183
183
183
168
183
183
168
168
168
183
168
183
168
59
183
183
168
168
183
183
248
248
317
317
248
248
248
248
306
306
248
1000
335
306
335
335
248
248
1000
1000
1000
1000
1000
402
248
1000
1000
1000
1000
1000
1000
1000
1000
1000
1000
335
1000
335
1000
1000
335
335
183
59
183
1000
168
1000
168
183
168
168
183
59
59
59
1000
59
1000
183
168
183
183
59
1000
59
183
1000
59
168
183
183
1000
183
168
59
335
59
183
183
59
183
248
248
248
1000
248
248
248
248
248
248
248
1000
248
248
248
248
248
317
1000
248
248
317
1000
248
317
317
28
248
248
317
317
248
317
248
317
248
248
248
1000
248
248
1000
1000
248
1000
1000
1000
1000
1000
306
59
59
59
306
306
59
306
306
306
59
335
59
335