101
101
100
101
108
1000
1000
1000
101
1000
108
108
108
101
101
101
101
101
1000
101
101
101
101
101
100
101
101
101
100
100
100
100
100
100
101
101
101
1000
1000
1000
101
1000
102
102
102
100
100
1000
100
1000
1000
1000
101
101
101
100
1000
101
1000
101
100
100
100
100
100
101
101
100
102
102
1000
1000
100
100
100
100
100
1000
100
100
100
100
100
100
102
102
100
102
100
100
100
100
100
100
102
102
1000
1000
100
100
100
100
100
100
100
1000
102
102
102
100
100
102
102
102
100
102
102
100
102
100
100
102
102
102
100
102
102
100
102
100
102
102
102
102
100
100
100
100
102
102
102
100
102
100
100
102
102
102
102
102
100
1000
1000
102
100
1000
102
100
1000
102
102
1000
100
100
1000
100
100
100
102
1000
102
102
100
102
1000
1000
1000
1000
102
102
100
1000
103
100
103
102
100
102
102
103
102
103
100
1000
1000
100
100
101
102
100
102
100
100
102
102
100
100
101
1000
101
101
100
101
101
100
100
101
101
1000
101
101
101
101
100
100
100
114
100
114
114
101
102
102
101
102
102
101
102
101
100
101
102
1000
101
101
101
100
100
100
100
100
102
100
100
100
100
100
101
100
100
100
100
101
100
100
100
100
100
101
1000
101
100
100
1000
101
100
100
101
101
101
101
100
100
102
100
101
101
100
100
1000
100
100
1000
100
100
100
100
101
101
101
101
100
103
103
102
102
102
102
102
102
102
1000
102
102
102
102
1000
102
102
102
102
102
102
1000
102
103
104
101
104
104
103
101
103
103